  Determining projects to restore...
  All projects are up-to-date for restore.
  Broiler.JavaScript.ExpressionCompiler -> /tmp/workspace/MaiRat/Broiler.JS/Broiler.JS/Broiler.JavaScript.ExpressionCompiler/bin/Release/net8.0/Broiler.JavaScript.ExpressionCompiler.dll
  Broiler.JavaScript.Ast -> /tmp/workspace/MaiRat/Broiler.JS/Broiler.JS/Broiler.JavaScript.Ast/bin/Release/net8.0/Broiler.JavaScript.Ast.dll
  Broiler.JavaScript.Storage -> /tmp/workspace/MaiRat/Broiler.JS/Broiler.JS/Broiler.JavaScript.Storage/bin/Release/net8.0/Broiler.JavaScript.Storage.dll
  Broiler.JavaScript.JSClassGenerator -> /tmp/workspace/MaiRat/Broiler.JS/Broiler.JS/Broiler.JavaScript.JSClassGenerator/bin/Release/net8.0/Broiler.JavaScript.JSClassGenerator.dll
  Broiler.JavaScript.Runtime -> /tmp/workspace/MaiRat/Broiler.JS/Broiler.JS/Broiler.JavaScript.Runtime/bin/Release/net8.0/Broiler.JavaScript.Runtime.dll
  Broiler.JavaScript.Parser -> /tmp/workspace/MaiRat/Broiler.JS/Broiler.JS/Broiler.JavaScript.Parser/bin/Release/net8.0/Broiler.JavaScript.Parser.dll
  Broiler.JavaScript.Engine -> /tmp/workspace/MaiRat/Broiler.JS/Broiler.JS/Broiler.JavaScript.Engine/bin/Release/net8.0/Broiler.JavaScript.Engine.dll
  Broiler.JavaScript.LinqExpressions -> /tmp/workspace/MaiRat/Broiler.JS/Broiler.JS/Broiler.JavaScript.LinqExpressions/bin/Release/net8.0/Broiler.JavaScript.LinqExpressions.dll
  Broiler.JavaScript.Extensions -> /tmp/workspace/MaiRat/Broiler.JS/Broiler.JS/Broiler.JavaScript.Extensions/bin/Release/net8.0/Broiler.JavaScript.Extensions.dll
/tmp/workspace/MaiRat/Broiler.JS/Broiler.JS/Broiler.JavaScript.BuiltIns/Array/JSArrayPrototype.Utility.cs(101,29): warning CS0108: 'JSArray.ToLocaleString(in Arguments)' hides inherited member 'JSObject.ToLocaleString(in Arguments)'. Use the new keyword if hiding was intended. [/tmp/workspace/MaiRat/Broiler.JS/Broiler.JS/Broiler.JavaScript.BuiltIns/Broiler.JavaScript.BuiltIns.csproj]
/tmp/workspace/MaiRat/Broiler.JS/Broiler.JS/Broiler.JavaScript.BuiltIns/Array/Typed/JSTypedArray.prototype.cs(643,22): warning CS0108: 'JSTypedArray.ToLocaleString(in Arguments)' hides inherited member 'JSObject.ToLocaleString(in Arguments)'. Use the new keyword if hiding was intended. [/tmp/workspace/MaiRat/Broiler.JS/Broiler.JS/Broiler.JavaScript.BuiltIns/Broiler.JavaScript.BuiltIns.csproj]
/tmp/workspace/MaiRat/Broiler.JS/Broiler.JS/Broiler.JavaScript.BuiltIns/RegExp/JSRegExpPrototype.cs(191,27): warning CS0108: 'JSRegExp.ToString(in Arguments)' hides inherited member 'JSObject.ToString(in Arguments)'. Use the new keyword if hiding was intended. [/tmp/workspace/MaiRat/Broiler.JS/Broiler.JS/Broiler.JavaScript.BuiltIns/Broiler.JavaScript.BuiltIns.csproj]
/tmp/workspace/MaiRat/Broiler.JS/Broiler.JS/Broiler.JavaScript.BuiltIns/Date/JSDatePrototype.Formatters.cs(161,22): warning CS0108: 'JSDate.ToLocaleString(in Arguments)' hides inherited member 'JSObject.ToLocaleString(in Arguments)'. Use the new keyword if hiding was intended. [/tmp/workspace/MaiRat/Broiler.JS/Broiler.JS/Broiler.JavaScript.BuiltIns/Broiler.JavaScript.BuiltIns.csproj]
  Broiler.JavaScript.BuiltIns -> /tmp/workspace/MaiRat/Broiler.JS/Broiler.JS/Broiler.JavaScript.BuiltIns/bin/Release/net8.0/Broiler.JavaScript.BuiltIns.dll
  Broiler.JavaScript.Globals -> /tmp/workspace/MaiRat/Broiler.JS/Broiler.JS/Broiler.JavaScript.Globals/bin/Release/net8.0/Broiler.JavaScript.Globals.dll
  Broiler.JavaScript.Clr -> /tmp/workspace/MaiRat/Broiler.JS/Broiler.JS/Broiler.JavaScript.Clr/bin/Release/net8.0/Broiler.JavaScript.Clr.dll
  Broiler.JavaScript.Compiler -> /tmp/workspace/MaiRat/Broiler.JS/Broiler.JS/Broiler.JavaScript.Compiler/bin/Release/net8.0/Broiler.JavaScript.Compiler.dll
  Broiler.JavaScript.Modules -> /tmp/workspace/MaiRat/Broiler.JS/Broiler.JS/Broiler.JavaScript.Modules/bin/Release/net8.0/Broiler.JavaScript.Modules.dll
/tmp/workspace/MaiRat/Broiler.JS/Broiler.JS/Broiler.JavaScript/ILPack/AssemblyGenerator.cs(104,46): warning SYSLIB0037: 'AssemblyName.HashAlgorithm' is obsolete: 'AssemblyName members HashAlgorithm, ProcessorArchitecture, and VersionCompatibility are obsolete and not supported.' (https://aka.ms/dotnet-warnings/SYSLIB0037) [/tmp/workspace/MaiRat/Broiler.JS/Broiler.JS/Broiler.JavaScript/Broiler.JavaScript.csproj]
  Broiler.JavaScript -> /tmp/workspace/MaiRat/Broiler.JS/Broiler.JS/Broiler.JavaScript/bin/Release/net8.0/BroilerJS.dll

Build succeeded.

/tmp/workspace/MaiRat/Broiler.JS/Broiler.JS/Broiler.JavaScript.BuiltIns/Array/JSArrayPrototype.Utility.cs(101,29): warning CS0108: 'JSArray.ToLocaleString(in Arguments)' hides inherited member 'JSObject.ToLocaleString(in Arguments)'. Use the new keyword if hiding was intended. [/tmp/workspace/MaiRat/Broiler.JS/Broiler.JS/Broiler.JavaScript.BuiltIns/Broiler.JavaScript.BuiltIns.csproj]
/tmp/workspace/MaiRat/Broiler.JS/Broiler.JS/Broiler.JavaScript.BuiltIns/Array/Typed/JSTypedArray.prototype.cs(643,22): warning CS0108: 'JSTypedArray.ToLocaleString(in Arguments)' hides inherited member 'JSObject.ToLocaleString(in Arguments)'. Use the new keyword if hiding was intended. [/tmp/workspace/MaiRat/Broiler.JS/Broiler.JS/Broiler.JavaScript.BuiltIns/Broiler.JavaScript.BuiltIns.csproj]
/tmp/workspace/MaiRat/Broiler.JS/Broiler.JS/Broiler.JavaScript.BuiltIns/RegExp/JSRegExpPrototype.cs(191,27): warning CS0108: 'JSRegExp.ToString(in Arguments)' hides inherited member 'JSObject.ToString(in Arguments)'. Use the new keyword if hiding was intended. [/tmp/workspace/MaiRat/Broiler.JS/Broiler.JS/Broiler.JavaScript.BuiltIns/Broiler.JavaScript.BuiltIns.csproj]
/tmp/workspace/MaiRat/Broiler.JS/Broiler.JS/Broiler.JavaScript.BuiltIns/Date/JSDatePrototype.Formatters.cs(161,22): warning CS0108: 'JSDate.ToLocaleString(in Arguments)' hides inherited member 'JSObject.ToLocaleString(in Arguments)'. Use the new keyword if hiding was intended. [/tmp/workspace/MaiRat/Broiler.JS/Broiler.JS/Broiler.JavaScript.BuiltIns/Broiler.JavaScript.BuiltIns.csproj]
/tmp/workspace/MaiRat/Broiler.JS/Broiler.JS/Broiler.JavaScript/ILPack/AssemblyGenerator.cs(104,46): warning SYSLIB0037: 'AssemblyName.HashAlgorithm' is obsolete: 'AssemblyName members HashAlgorithm, ProcessorArchitecture, and VersionCompatibility are obsolete and not supported.' (https://aka.ms/dotnet-warnings/SYSLIB0037) [/tmp/workspace/MaiRat/Broiler.JS/Broiler.JS/Broiler.JavaScript/Broiler.JavaScript.csproj]
    5 Warning(s)
    0 Error(s)

Time Elapsed 00:00:14.71
